# JRE version: Java(TM) SE Runtime Environment (8.0_171-b11) (build 1.8.0_171-b11)
# Java VM: Java HotSpot(TM) 64-Bit Server VM (25.171-b11 mixed mode linux-amd64 compressed oops)
Heap:
 PSYoungGen      total 438272K, used 385344K [0x00000000e0000000, 0x00000000ff400000, 0x0000000100000000)
  eden space 377856K, 100% used [0x00000000e0000000,0x00000000f7100000,0x00000000f7100000)
  from space 60416K, 12% used [0x00000000fb900000,0x00000000fc0501c8,0x00000000ff400000)
  to   space 67072K, 0% used [0x00000000f7100000,0x00000000f7100000,0x00000000fb280000)
 ParOldGen       total 286720K, used 285749K [0x00000000a0000000, 0x00000000b1800000, 0x00000000e0000000)
  object space 286720K, 99% used [0x00000000a0000000,0x00000000b170d7f0,0x00000000b1800000)
 Metaspace       used 103853K, capacity 111864K, committed 112216K, reserved 1146880K
  class space    used 12936K, capacity 14527K, committed 14720K, reserved 1048576K
GC Heap History (10 events):
Event: 24814,182 GC heap after
Heap after GC invocations=110 (full 6):
 PSYoungGen      total 426496K, used 7280K [0x00000000e0000000, 0x00000000ff680000, 0x0000000100000000)
  eden space 350720K, 0% used [0x00000000e0000000,0x00000000e0000000,0x00000000f5680000)
  from space 75776K, 9% used [0x00000000fac80000,0x00000000fb39c038,0x00000000ff680000)
  to   space 81920K, 0% used [0x00000000f5680000,0x00000000f5680000,0x00000000fa680000)
 ParOldGen       total 269824K, used 229052K [0x00000000a0000000, 0x00000000b0780000, 0x00000000e0000000)
  object space 269824K, 84% used [0x00000000a0000000,0x00000000adfaf0d0,0x00000000b0780000)
 Metaspace       used 103844K, capacity 111864K, committed 112216K, reserved 1146880K
  class space    used 12936K, capacity 14527K, committed 14720K, reserved 1048576K
}
Event: 24814,240 GC heap before
{Heap before GC invocations=111 (full 6):
 PSYoungGen      total 426496K, used 357942K [0x00000000e0000000, 0x00000000ff680000, 0x0000000100000000)
  eden space 350720K, 99% used [0x00000000e0000000,0x00000000f56718a0,0x00000000f5680000)
  from space 75776K, 9% used [0x00000000fac80000,0x00000000fb39c038,0x00000000ff680000)
  to   space 81920K, 0% used [0x00000000f5680000,0x00000000f5680000,0x00000000fa680000)
 ParOldGen       total 269824K, used 229052K [0x00000000a0000000, 0x00000000b0780000, 0x00000000e0000000)
  object space 269824K, 84% used [0x00000000a0000000,0x00000000adfaf0d0,0x00000000b0780000)
 Metaspace       used 103844K, capacity 111864K, committed 112216K, reserved 1146880K
  class space    used 12936K, capacity 14527K, committed 14720K, reserved 1048576K
Event: 24814,251 GC heap after
Heap after GC invocations=111 (full 6):
 PSYoungGen      total 432640K, used 32K [0x00000000e0000000, 0x0000000100000000, 0x0000000100000000)
  eden space 350720K, 0% used [0x00000000e0000000,0x00000000e0000000,0x00000000f5680000)
  from space 81920K, 0% used [0x00000000f5680000,0x00000000f5688000,0x00000000fa680000)
  to   space 78848K, 0% used [0x00000000fb300000,0x00000000fb300000,0x0000000100000000)
 ParOldGen       total 269824K, used 235152K [0x00000000a0000000, 0x00000000b0780000, 0x00000000e0000000)
  object space 269824K, 87% used [0x00000000a0000000,0x00000000ae5a40b0,0x00000000b0780000)
 Metaspace       used 103844K, capacity 111864K, committed 112216K, reserved 1146880K
  class space    used 12936K, capacity 14527K, committed 14720K, reserved 1048576K
}
Event: 24815,400 GC heap before
{Heap before GC invocations=112 (full 6):
 PSYoungGen      total 432640K, used 350752K [0x00000000e0000000, 0x0000000100000000, 0x0000000100000000)
  eden space 350720K, 100% used [0x00000000e0000000,0x00000000f5680000,0x00000000f5680000)
  from space 81920K, 0% used [0x00000000f5680000,0x00000000f5688000,0x00000000fa680000)
  to   space 78848K, 0% used [0x00000000fb300000,0x00000000fb300000,0x0000000100000000)
 ParOldGen       total 269824K, used 235152K [0x00000000a0000000, 0x00000000b0780000, 0x00000000e0000000)
  object space 269824K, 87% used [0x00000000a0000000,0x00000000ae5a40b0,0x00000000b0780000)
 Metaspace       used 103849K, capacity 111864K, committed 112216K, reserved 1146880K
  class space    used 12936K, capacity 14527K, committed 14720K, reserved 1048576K
Event: 24815,411 GC heap after
Heap after GC invocations=112 (full 6):
 PSYoungGen      total 432128K, used 5424K [0x00000000e0000000, 0x00000000ff600000, 0x0000000100000000)
  eden space 363520K, 0% used [0x00000000e0000000,0x00000000e0000000,0x00000000f6300000)
  from space 68608K, 7% used [0x00000000fb300000,0x00000000fb84c038,0x00000000ff600000)
  to   space 75264K, 0% used [0x00000000f6300000,0x00000000f6300000,0x00000000fac80000)
 ParOldGen       total 269824K, used 235192K [0x00000000a0000000, 0x00000000b0780000, 0x00000000e0000000)
  object space 269824K, 87% used [0x00000000a0000000,0x00000000ae5ae0b0,0x00000000b0780000)
 Metaspace       used 103849K, capacity 111864K, committed 112216K, reserved 1146880K
  class space    used 12936K, capacity 14527K, committed 14720K, reserved 1048576K
}
Event: 24816,639 GC heap before
{Heap before GC invocations=113 (full 6):
 PSYoungGen      total 432128K, used 368944K [0x00000000e0000000, 0x00000000ff600000, 0x0000000100000000)
  eden space 363520K, 100% used [0x00000000e0000000,0x00000000f6300000,0x00000000f6300000)
  from space 68608K, 7% used [0x00000000fb300000,0x00000000fb84c038,0x00000000ff600000)
  to   space 75264K, 0% used [0x00000000f6300000,0x00000000f6300000,0x00000000fac80000)
 ParOldGen       total 269824K, used 235192K [0x00000000a0000000, 0x00000000b0780000, 0x00000000e0000000)
  object space 269824K, 87% used [0x00000000a0000000,0x00000000ae5ae0b0,0x00000000b0780000)
 Metaspace       used 103850K, capacity 111864K, committed 112216K, reserved 1146880K
  class space    used 12936K, capacity 14527K, committed 14720K, reserved 1048576K
Event: 24816,646 GC heap after
Heap after GC invocations=113 (full 6):
 PSYoungGen      total 438784K, used 5209K [0x00000000e0000000, 0x00000000ffe80000, 0x0000000100000000)
  eden space 363520K, 0% used [0x00000000e0000000,0x00000000e0000000,0x00000000f6300000)
  from space 75264K, 6% used [0x00000000f6300000,0x00000000f6816518,0x00000000fac80000)
  to   space 71168K, 0% used [0x00000000fb900000,0x00000000fb900000,0x00000000ffe80000)
 ParOldGen       total 269824K, used 236260K [0x00000000a0000000, 0x00000000b0780000, 0x00000000e0000000)
  object space 269824K, 87% used [0x00000000a0000000,0x00000000ae6b9250,0x00000000b0780000)
 Metaspace       used 103850K, capacity 111864K, committed 112216K, reserved 1146880K
  class space    used 12936K, capacity 14527K, committed 14720K, reserved 1048576K
}
Event: 24818,216 GC heap before
{Heap before GC invocations=114 (full 6):
 PSYoungGen      total 438784K, used 367927K [0x00000000e0000000, 0x00000000ffe80000, 0x0000000100000000)
  eden space 363520K, 99% used [0x00000000e0000000,0x00000000f6237ad0,0x00000000f6300000)
  from space 75264K, 6% used [0x00000000f6300000,0x00000000f6816518,0x00000000fac80000)
  to   space 71168K, 0% used [0x00000000fb900000,0x00000000fb900000,0x00000000ffe80000)
 ParOldGen       total 269824K, used 237284K [0x00000000a0000000, 0x00000000b0780000, 0x00000000e0000000)
  object space 269824K, 87% used [0x00000000a0000000,0x00000000ae7b9260,0x00000000b0780000)
 Metaspace       used 103851K, capacity 111864K, committed 112216K, reserved 1146880K
  class space    used 12936K, capacity 14527K, committed 14720K, reserved 1048576K
Event: 24818,224 GC heap after
Heap after GC invocations=114 (full 6):
 PSYoungGen      total 438272K, used 7488K [0x00000000e0000000, 0x00000000ff400000, 0x0000000100000000)
  eden space 377856K, 0% used [0x00000000e0000000,0x00000000e0000000,0x00000000f7100000)
  from space 60416K, 12% used [0x00000000fb900000,0x00000000fc0501c8,0x00000000ff400000)
  to   space 67072K, 0% used [0x00000000f7100000,0x00000000f7100000,0x00000000fb280000)
 ParOldGen       total 269824K, used 237620K [0x00000000a0000000, 0x00000000b0780000, 0x00000000e0000000)
  object space 269824K, 88% used [0x00000000a0000000,0x00000000ae80d260,0x00000000b0780000)
 Metaspace       used 103851K, capacity 111864K, committed 112216K, reserved 1146880K
  class space    used 12936K, capacity 14527K, committed 14720K, reserved 1048576K
}
Event: 24819,327 GC heap before
{Heap before GC invocations=115 (full 7):
 PSYoungGen      total 438272K, used 385344K [0x00000000e0000000, 0x00000000ff400000, 0x0000000100000000)
  eden space 377856K, 100% used [0x00000000e0000000,0x00000000f7100000,0x00000000f7100000)
  from space 60416K, 12% used [0x00000000fb900000,0x00000000fc0501c8,0x00000000ff400000)
  to   space 67072K, 0% used [0x00000000f7100000,0x00000000f7100000,0x00000000fb280000)
 ParOldGen       total 286720K, used 285749K [0x00000000a0000000, 0x00000000b1800000, 0x00000000e0000000)
  object space 286720K, 99% used [0x00000000a0000000,0x00000000b170d7f0,0x00000000b1800000)
 Metaspace       used 103853K, capacity 111864K, committed 112216K, reserved 1146880K
  class space    used 12936K, capacity 14527K, committed 14720K, reserved 1048576K

